The target system is: Generic - 1 - 
The host system is: Darwin - 16.7.0 - x86_64
Compiling the C compiler identification source file "CMakeCCompilerId.c" succeeded.
Compiler: /usr/local/bin/arm-none-eabi-gcc 
Build flags: 
Id flags: -c 

The output was:
0


Compilation of the C compiler identification source "CMakeCCompilerId.c" produced "CMakeCCompilerId.o"

The C compiler identification is GNU, found in "/Users/xuyingzi/Developer/battlebots/cmake-build-debug/CMakeFiles/3.8.2/CompilerIdC/CMakeCCompilerId.o"

Detecting C compiler ABI info compiled with the following output:
Change Dir: /Users/xuyingzi/Developer/battlebots/cmake-build-debug/CMakeFiles/CMakeTmp

Run Build Command:"/usr/bin/make" "cmTC_2aac9/fast"
/Library/Developer/CommandLineTools/usr/bin/make -f CMakeFiles/cmTC_2aac9.dir/build.make CMakeFiles/cmTC_2aac9.dir/build
Building C object CMakeFiles/cmTC_2aac9.dir/CMakeCCompilerABI.c.obj
/usr/local/bin/arm-none-eabi-gcc   -mcpu=cortex-m4                    -mthumb                    -mthumb-interwork                    -mfloat-abi=hard                    -mfpu=fpv4-sp-d16                    -ffunction-sections                    -g                    -fno-common                    -fmessage-length=0                    -specs=nano.specs                 -std=gnu99    -o CMakeFiles/cmTC_2aac9.dir/CMakeCCompilerABI.c.obj   -c /Applications/CLion.app/Contents/bin/cmake/share/cmake-3.8/Modules/CMakeCCompilerABI.c
Linking C executable cmTC_2aac9
/Applications/CLion.app/Contents/bin/cmake/bin/cmake -E cmake_link_script CMakeFiles/cmTC_2aac9.dir/link.txt --verbose=1
/usr/local/bin/arm-none-eabi-gcc -mcpu=cortex-m4                    -mthumb                    -mthumb-interwork                    -mfloat-abi=hard                    -mfpu=fpv4-sp-d16                    -ffunction-sections                    -g                    -fno-common                    -fmessage-length=0                    -specs=nano.specs                 -std=gnu99   -Wl,-gc-sections,-Map=binary.map -T /Users/xuyingzi/Developer/battlebots/Mac_toolchain/STM32F427IIHx_FLASH.ld -v CMakeFiles/cmTC_2aac9.dir/CMakeCCompilerABI.c.obj  -o cmTC_2aac9 
Using built-in specs.
Reading specs from /usr/local/Cellar/gcc-arm-none-eabi/20160928/bin/../lib/gcc/arm-none-eabi/5.4.1/../../../../arm-none-eabi/lib/nano.specs
rename spec link to nano_link
rename spec link_gcc_c_sequence to nano_link_gcc_c_sequence
rename spec cpp to nano_cpp
COLLECT_GCC=/usr/local/bin/arm-none-eabi-gcc
COLLECT_LTO_WRAPPER=/usr/local/Cellar/gcc-arm-none-eabi/20160928/bin/../lib/gcc/arm-none-eabi/5.4.1/lto-wrapper
Target: arm-none-eabi
Configured with: /Users/build/workspace/GCC-5-build_build-toolchain-mac/gcc-arm-none-eabi-5_4-2016q3-20160926/src/gcc/configure --target=arm-none-eabi --prefix=/Users/build/workspace/GCC-5-build_build-toolchain-mac/gcc-arm-none-eabi-5_4-2016q3-20160926/install-native --libexecdir=/Users/build/workspace/GCC-5-build_build-toolchain-mac/gcc-arm-none-eabi-5_4-2016q3-20160926/install-native/lib --infodir=/Users/build/workspace/GCC-5-build_build-toolchain-mac/gcc-arm-none-eabi-5_4-2016q3-20160926/install-native/share/doc/gcc-arm-none-eabi/info --mandir=/Users/build/workspace/GCC-5-build_build-toolchain-mac/gcc-arm-none-eabi-5_4-2016q3-20160926/install-native/share/doc/gcc-arm-none-eabi/man --htmldir=/Users/build/workspace/GCC-5-build_build-toolchain-mac/gcc-arm-none-eabi-5_4-2016q3-20160926/install-native/share/doc/gcc-arm-none-eabi/html --pdfdir=/Users/build/workspace/GCC-5-build_build-toolchain-mac/gcc-arm-none-eabi-5_4-2016q3-20160926/install-native/share/doc/gcc-arm-none-eabi/pdf --enable-languages=c,c++ --enable-plugins --disable-decimal-float --disable-libffi --disable-libgomp --disable-libmudflap --disable-libquadmath --disable-libssp --disable-libstdcxx-pch --disable-nls --disable-shared --disable-threads --disable-tls --with-gnu-as --with-gnu-ld --with-newlib --with-headers=yes --with-python-dir=share/gcc-arm-none-eabi --with-sysroot=/Users/build/workspace/GCC-5-build_build-toolchain-mac/gcc-arm-none-eabi-5_4-2016q3-20160926/install-native/arm-none-eabi --build=x86_64-apple-darwin10 --host=x86_64-apple-darwin10 --with-gmp=/Users/build/workspace/GCC-5-build_build-toolchain-mac/gcc-arm-none-eabi-5_4-2016q3-20160926/build-native/host-libs/usr --with-mpfr=/Users/build/workspace/GCC-5-build_build-toolchain-mac/gcc-arm-none-eabi-5_4-2016q3-20160926/build-native/host-libs/usr --with-mpc=/Users/build/workspace/GCC-5-build_build-toolchain-mac/gcc-arm-none-eabi-5_4-2016q3-20160926/build-native/host-libs/usr --with-isl=/Users/build/workspace/GCC-5-build_build-toolchain-mac/gcc-arm-none-eabi-5_4-2016q3-20160926/build-native/host-libs/usr --with-cloog=/Users/build/workspace/GCC-5-build_build-toolchain-mac/gcc-arm-none-eabi-5_4-2016q3-20160926/build-native/host-libs/usr --with-libelf=/Users/build/workspace/GCC-5-build_build-toolchain-mac/gcc-arm-none-eabi-5_4-2016q3-20160926/build-native/host-libs/usr --with-host-libstdcxx='-static-libgcc -Wl,-lstdc++ -lm' --with-pkgversion='GNU Tools for ARM Embedded Processors' --with-multilib-list=armv6-m,armv7-m,armv7e-m,armv7-r,armv8-m.base,armv8-m.main
Thread model: single
gcc version 5.4.1 20160919 (release) [ARM/embedded-5-branch revision 240496] (GNU Tools for ARM Embedded Processors) 
COMPILER_PATH=/usr/local/Cellar/gcc-arm-none-eabi/20160928/bin/../lib/gcc/arm-none-eabi/5.4.1/:/usr/local/Cellar/gcc-arm-none-eabi/20160928/bin/../lib/gcc/:/usr/local/Cellar/gcc-arm-none-eabi/20160928/bin/../lib/gcc/arm-none-eabi/5.4.1/../../../../arm-none-eabi/bin/
LIBRARY_PATH=/usr/local/Cellar/gcc-arm-none-eabi/20160928/bin/../lib/gcc/arm-none-eabi/5.4.1/armv7e-m/fpu/:/usr/local/Cellar/gcc-arm-none-eabi/20160928/bin/../lib/gcc/arm-none-eabi/5.4.1/../../../../arm-none-eabi/lib/armv7e-m/fpu/:/usr/local/Cellar/gcc-arm-none-eabi/20160928/bin/../arm-none-eabi/lib/armv7e-m/fpu/:/usr/local/Cellar/gcc-arm-none-eabi/20160928/bin/../lib/gcc/arm-none-eabi/5.4.1/:/usr/local/Cellar/gcc-arm-none-eabi/20160928/bin/../lib/gcc/:/usr/local/Cellar/gcc-arm-none-eabi/20160928/bin/../lib/gcc/arm-none-eabi/5.4.1/../../../../arm-none-eabi/lib/:/usr/local/Cellar/gcc-arm-none-eabi/20160928/bin/../arm-none-eabi/lib/
COLLECT_GCC_OPTIONS='-mcpu=cortex-m4' '-mthumb' '-mthumb-interwork' '-mfloat-abi=hard' '-mfpu=fpv4-sp-d16' '-ffunction-sections' '-g' '-fno-common' '-fmessage-length=0' '-specs=nano.specs' '-std=gnu99' '-T' '/Users/xuyingzi/Developer/battlebots/Mac_toolchain/STM32F427IIHx_FLASH.ld' '-v' '-o' 'cmTC_2aac9'
 /usr/local/Cellar/gcc-arm-none-eabi/20160928/bin/../lib/gcc/arm-none-eabi/5.4.1/collect2 -plugin /usr/local/Cellar/gcc-arm-none-eabi/20160928/bin/../lib/gcc/arm-none-eabi/5.4.1/liblto_plugin.so -plugin-opt=/usr/local/Cellar/gcc-arm-none-eabi/20160928/bin/../lib/gcc/arm-none-eabi/5.4.1/lto-wrapper -plugin-opt=-fresolution=/var/folders/cx/krfdrty95wd_cj3m6y0w942c0000gn/T//cce33ylL.res -plugin-opt=-pass-through=-lgcc -plugin-opt=-pass-through=-lg_nano -plugin-opt=-pass-through=-lc_nano -plugin-opt=-pass-through=-lgcc -plugin-opt=-pass-through=-lc_nano --sysroot=/usr/local/Cellar/gcc-arm-none-eabi/20160928/bin/../arm-none-eabi -X -o cmTC_2aac9 /usr/local/Cellar/gcc-arm-none-eabi/20160928/bin/../lib/gcc/arm-none-eabi/5.4.1/armv7e-m/fpu/crti.o /usr/local/Cellar/gcc-arm-none-eabi/20160928/bin/../lib/gcc/arm-none-eabi/5.4.1/armv7e-m/fpu/crtbegin.o /usr/local/Cellar/gcc-arm-none-eabi/20160928/bin/../lib/gcc/arm-none-eabi/5.4.1/../../../../arm-none-eabi/lib/armv7e-m/fpu/crt0.o -L/usr/local/Cellar/gcc-arm-none-eabi/20160928/bin/../lib/gcc/arm-none-eabi/5.4.1/armv7e-m/fpu -L/usr/local/Cellar/gcc-arm-none-eabi/20160928/bin/../lib/gcc/arm-none-eabi/5.4.1/../../../../arm-none-eabi/lib/armv7e-m/fpu -L/usr/local/Cellar/gcc-arm-none-eabi/20160928/bin/../arm-none-eabi/lib/armv7e-m/fpu -L/usr/local/Cellar/gcc-arm-none-eabi/20160928/bin/../lib/gcc/arm-none-eabi/5.4.1 -L/usr/local/Cellar/gcc-arm-none-eabi/20160928/bin/../lib/gcc -L/usr/local/Cellar/gcc-arm-none-eabi/20160928/bin/../lib/gcc/arm-none-eabi/5.4.1/../../../../arm-none-eabi/lib -L/usr/local/Cellar/gcc-arm-none-eabi/20160928/bin/../arm-none-eabi/lib -gc-sections -Map=binary.map CMakeFiles/cmTC_2aac9.dir/CMakeCCompilerABI.c.obj --start-group -lgcc -lg_nano -lc_nano --end-group --start-group -lgcc -lc_nano --end-group /usr/local/Cellar/gcc-arm-none-eabi/20160928/bin/../lib/gcc/arm-none-eabi/5.4.1/armv7e-m/fpu/crtend.o /usr/local/Cellar/gcc-arm-none-eabi/20160928/bin/../lib/gcc/arm-none-eabi/5.4.1/armv7e-m/fpu/crtn.o -T /Users/xuyingzi/Developer/battlebots/Mac_toolchain/STM32F427IIHx_FLASH.ld
/usr/local/Cellar/gcc-arm-none-eabi/20160928/bin/../lib/gcc/arm-none-eabi/5.4.1/../../../../arm-none-eabi/bin/ld: warning: cannot find entry symbol Reset_Handler; defaulting to 0000000008000000


Parsed C implicit link information from above output:
  link line regex: [^( *|.*[/\])(arm-none-eabi-ld|([^/\]+-)?ld|collect2)[^/\]*( |$)]
  ignore line: [Change Dir: /Users/xuyingzi/Developer/battlebots/cmake-build-debug/CMakeFiles/CMakeTmp]
  ignore line: []
  ignore line: [Run Build Command:"/usr/bin/make" "cmTC_2aac9/fast"]
  ignore line: [/Library/Developer/CommandLineTools/usr/bin/make -f CMakeFiles/cmTC_2aac9.dir/build.make CMakeFiles/cmTC_2aac9.dir/build]
  ignore line: [Building C object CMakeFiles/cmTC_2aac9.dir/CMakeCCompilerABI.c.obj]
  ignore line: [/usr/local/bin/arm-none-eabi-gcc   -mcpu=cortex-m4                    -mthumb                    -mthumb-interwork                    -mfloat-abi=hard                    -mfpu=fpv4-sp-d16                    -ffunction-sections                    -g                    -fno-common                    -fmessage-length=0                    -specs=nano.specs                 -std=gnu99    -o CMakeFiles/cmTC_2aac9.dir/CMakeCCompilerABI.c.obj   -c /Applications/CLion.app/Contents/bin/cmake/share/cmake-3.8/Modules/CMakeCCompilerABI.c]
  ignore line: [Linking C executable cmTC_2aac9]
  ignore line: [/Applications/CLion.app/Contents/bin/cmake/bin/cmake -E cmake_link_script CMakeFiles/cmTC_2aac9.dir/link.txt --verbose=1]
  ignore line: [/usr/local/bin/arm-none-eabi-gcc -mcpu=cortex-m4                    -mthumb                    -mthumb-interwork                    -mfloat-abi=hard                    -mfpu=fpv4-sp-d16                    -ffunction-sections                    -g                    -fno-common                    -fmessage-length=0                    -specs=nano.specs                 -std=gnu99   -Wl,-gc-sections,-Map=binary.map -T /Users/xuyingzi/Developer/battlebots/Mac_toolchain/STM32F427IIHx_FLASH.ld -v CMakeFiles/cmTC_2aac9.dir/CMakeCCompilerABI.c.obj  -o cmTC_2aac9 ]
  ignore line: [Using built-in specs.]
  ignore line: [Reading specs from /usr/local/Cellar/gcc-arm-none-eabi/20160928/bin/../lib/gcc/arm-none-eabi/5.4.1/../../../../arm-none-eabi/lib/nano.specs]
  ignore line: [rename spec link to nano_link]
  ignore line: [rename spec link_gcc_c_sequence to nano_link_gcc_c_sequence]
  ignore line: [rename spec cpp to nano_cpp]
  ignore line: [COLLECT_GCC=/usr/local/bin/arm-none-eabi-gcc]
  ignore line: [COLLECT_LTO_WRAPPER=/usr/local/Cellar/gcc-arm-none-eabi/20160928/bin/../lib/gcc/arm-none-eabi/5.4.1/lto-wrapper]
  ignore line: [Target: arm-none-eabi]
  ignore line: [Configured with: /Users/build/workspace/GCC-5-build_build-toolchain-mac/gcc-arm-none-eabi-5_4-2016q3-20160926/src/gcc/configure --target=arm-none-eabi --prefix=/Users/build/workspace/GCC-5-build_build-toolchain-mac/gcc-arm-none-eabi-5_4-2016q3-20160926/install-native --libexecdir=/Users/build/workspace/GCC-5-build_build-toolchain-mac/gcc-arm-none-eabi-5_4-2016q3-20160926/install-native/lib --infodir=/Users/build/workspace/GCC-5-build_build-toolchain-mac/gcc-arm-none-eabi-5_4-2016q3-20160926/install-native/share/doc/gcc-arm-none-eabi/info --mandir=/Users/build/workspace/GCC-5-build_build-toolchain-mac/gcc-arm-none-eabi-5_4-2016q3-20160926/install-native/share/doc/gcc-arm-none-eabi/man --htmldir=/Users/build/workspace/GCC-5-build_build-toolchain-mac/gcc-arm-none-eabi-5_4-2016q3-20160926/install-native/share/doc/gcc-arm-none-eabi/html --pdfdir=/Users/build/workspace/GCC-5-build_build-toolchain-mac/gcc-arm-none-eabi-5_4-2016q3-20160926/install-native/share/doc/gcc-arm-none-eabi/pdf --enable-languages=c,c++ --enable-plugins --disable-decimal-float --disable-libffi --disable-libgomp --disable-libmudflap --disable-libquadmath --disable-libssp --disable-libstdcxx-pch --disable-nls --disable-shared --disable-threads --disable-tls --with-gnu-as --with-gnu-ld --with-newlib --with-headers=yes --with-python-dir=share/gcc-arm-none-eabi --with-sysroot=/Users/build/workspace/GCC-5-build_build-toolchain-mac/gcc-arm-none-eabi-5_4-2016q3-20160926/install-native/arm-none-eabi --build=x86_64-apple-darwin10 --host=x86_64-apple-darwin10 --with-gmp=/Users/build/workspace/GCC-5-build_build-toolchain-mac/gcc-arm-none-eabi-5_4-2016q3-20160926/build-native/host-libs/usr --with-mpfr=/Users/build/workspace/GCC-5-build_build-toolchain-mac/gcc-arm-none-eabi-5_4-2016q3-20160926/build-native/host-libs/usr --with-mpc=/Users/build/workspace/GCC-5-build_build-toolchain-mac/gcc-arm-none-eabi-5_4-2016q3-20160926/build-native/host-libs/usr --with-isl=/Users/build/workspace/GCC-5-build_build-toolchain-mac/gcc-arm-none-eabi-5_4-2016q3-20160926/build-native/host-libs/usr --with-cloog=/Users/build/workspace/GCC-5-build_build-toolchain-mac/gcc-arm-none-eabi-5_4-2016q3-20160926/build-native/host-libs/usr --with-libelf=/Users/build/workspace/GCC-5-build_build-toolchain-mac/gcc-arm-none-eabi-5_4-2016q3-20160926/build-native/host-libs/usr --with-host-libstdcxx='-static-libgcc -Wl,-lstdc++ -lm' --with-pkgversion='GNU Tools for ARM Embedded Processors' --with-multilib-list=armv6-m,armv7-m,armv7e-m,armv7-r,armv8-m.base,armv8-m.main]
  ignore line: [Thread model: single]
  ignore line: [gcc version 5.4.1 20160919 (release) [ARM/embedded-5-branch revision 240496] (GNU Tools for ARM Embedded Processors) ]
  ignore line: [COMPILER_PATH=/usr/local/Cellar/gcc-arm-none-eabi/20160928/bin/../lib/gcc/arm-none-eabi/5.4.1/:/usr/local/Cellar/gcc-arm-none-eabi/20160928/bin/../lib/gcc/:/usr/local/Cellar/gcc-arm-none-eabi/20160928/bin/../lib/gcc/arm-none-eabi/5.4.1/../../../../arm-none-eabi/bin/]
  ignore line: [LIBRARY_PATH=/usr/local/Cellar/gcc-arm-none-eabi/20160928/bin/../lib/gcc/arm-none-eabi/5.4.1/armv7e-m/fpu/:/usr/local/Cellar/gcc-arm-none-eabi/20160928/bin/../lib/gcc/arm-none-eabi/5.4.1/../../../../arm-none-eabi/lib/armv7e-m/fpu/:/usr/local/Cellar/gcc-arm-none-eabi/20160928/bin/../arm-none-eabi/lib/armv7e-m/fpu/:/usr/local/Cellar/gcc-arm-none-eabi/20160928/bin/../lib/gcc/arm-none-eabi/5.4.1/:/usr/local/Cellar/gcc-arm-none-eabi/20160928/bin/../lib/gcc/:/usr/local/Cellar/gcc-arm-none-eabi/20160928/bin/../lib/gcc/arm-none-eabi/5.4.1/../../../../arm-none-eabi/lib/:/usr/local/Cellar/gcc-arm-none-eabi/20160928/bin/../arm-none-eabi/lib/]
  ignore line: [COLLECT_GCC_OPTIONS='-mcpu=cortex-m4' '-mthumb' '-mthumb-interwork' '-mfloat-abi=hard' '-mfpu=fpv4-sp-d16' '-ffunction-sections' '-g' '-fno-common' '-fmessage-length=0' '-specs=nano.specs' '-std=gnu99' '-T' '/Users/xuyingzi/Developer/battlebots/Mac_toolchain/STM32F427IIHx_FLASH.ld' '-v' '-o' 'cmTC_2aac9']
  link line: [ /usr/local/Cellar/gcc-arm-none-eabi/20160928/bin/../lib/gcc/arm-none-eabi/5.4.1/collect2 -plugin /usr/local/Cellar/gcc-arm-none-eabi/20160928/bin/../lib/gcc/arm-none-eabi/5.4.1/liblto_plugin.so -plugin-opt=/usr/local/Cellar/gcc-arm-none-eabi/20160928/bin/../lib/gcc/arm-none-eabi/5.4.1/lto-wrapper -plugin-opt=-fresolution=/var/folders/cx/krfdrty95wd_cj3m6y0w942c0000gn/T//cce33ylL.res -plugin-opt=-pass-through=-lgcc -plugin-opt=-pass-through=-lg_nano -plugin-opt=-pass-through=-lc_nano -plugin-opt=-pass-through=-lgcc -plugin-opt=-pass-through=-lc_nano --sysroot=/usr/local/Cellar/gcc-arm-none-eabi/20160928/bin/../arm-none-eabi -X -o cmTC_2aac9 /usr/local/Cellar/gcc-arm-none-eabi/20160928/bin/../lib/gcc/arm-none-eabi/5.4.1/armv7e-m/fpu/crti.o /usr/local/Cellar/gcc-arm-none-eabi/20160928/bin/../lib/gcc/arm-none-eabi/5.4.1/armv7e-m/fpu/crtbegin.o /usr/local/Cellar/gcc-arm-none-eabi/20160928/bin/../lib/gcc/arm-none-eabi/5.4.1/../../../../arm-none-eabi/lib/armv7e-m/fpu/crt0.o -L/usr/local/Cellar/gcc-arm-none-eabi/20160928/bin/../lib/gcc/arm-none-eabi/5.4.1/armv7e-m/fpu -L/usr/local/Cellar/gcc-arm-none-eabi/20160928/bin/../lib/gcc/arm-none-eabi/5.4.1/../../../../arm-none-eabi/lib/armv7e-m/fpu -L/usr/local/Cellar/gcc-arm-none-eabi/20160928/bin/../arm-none-eabi/lib/armv7e-m/fpu -L/usr/local/Cellar/gcc-arm-none-eabi/20160928/bin/../lib/gcc/arm-none-eabi/5.4.1 -L/usr/local/Cellar/gcc-arm-none-eabi/20160928/bin/../lib/gcc -L/usr/local/Cellar/gcc-arm-none-eabi/20160928/bin/../lib/gcc/arm-none-eabi/5.4.1/../../../../arm-none-eabi/lib -L/usr/local/Cellar/gcc-arm-none-eabi/20160928/bin/../arm-none-eabi/lib -gc-sections -Map=binary.map CMakeFiles/cmTC_2aac9.dir/CMakeCCompilerABI.c.obj --start-group -lgcc -lg_nano -lc_nano --end-group --start-group -lgcc -lc_nano --end-group /usr/local/Cellar/gcc-arm-none-eabi/20160928/bin/../lib/gcc/arm-none-eabi/5.4.1/armv7e-m/fpu/crtend.o /usr/local/Cellar/gcc-arm-none-eabi/20160928/bin/../lib/gcc/arm-none-eabi/5.4.1/armv7e-m/fpu/crtn.o -T /Users/xuyingzi/Developer/battlebots/Mac_toolchain/STM32F427IIHx_FLASH.ld]
    arg [/usr/local/Cellar/gcc-arm-none-eabi/20160928/bin/../lib/gcc/arm-none-eabi/5.4.1/collect2] ==> ignore
    arg [-plugin] ==> ignore
    arg [/usr/local/Cellar/gcc-arm-none-eabi/20160928/bin/../lib/gcc/arm-none-eabi/5.4.1/liblto_plugin.so] ==> ignore
    arg [-plugin-opt=/usr/local/Cellar/gcc-arm-none-eabi/20160928/bin/../lib/gcc/arm-none-eabi/5.4.1/lto-wrapper] ==> ignore
    arg [-plugin-opt=-fresolution=/var/folders/cx/krfdrty95wd_cj3m6y0w942c0000gn/T//cce33ylL.res] ==> ignore
    arg [-plugin-opt=-pass-through=-lgcc] ==> ignore
    arg [-plugin-opt=-pass-through=-lg_nano] ==> ignore
    arg [-plugin-opt=-pass-through=-lc_nano] ==> ignore
    arg [-plugin-opt=-pass-through=-lgcc] ==> ignore
    arg [-plugin-opt=-pass-through=-lc_nano] ==> ignore
    arg [--sysroot=/usr/local/Cellar/gcc-arm-none-eabi/20160928/bin/../arm-none-eabi] ==> ignore
    arg [-X] ==> ignore
    arg [-o] ==> ignore
    arg [cmTC_2aac9] ==> ignore
    arg [/usr/local/Cellar/gcc-arm-none-eabi/20160928/bin/../lib/gcc/arm-none-eabi/5.4.1/armv7e-m/fpu/crti.o] ==> ignore
    arg [/usr/local/Cellar/gcc-arm-none-eabi/20160928/bin/../lib/gcc/arm-none-eabi/5.4.1/armv7e-m/fpu/crtbegin.o] ==> ignore
    arg [/usr/local/Cellar/gcc-arm-none-eabi/20160928/bin/../lib/gcc/arm-none-eabi/5.4.1/../../../../arm-none-eabi/lib/armv7e-m/fpu/crt0.o] ==> ignore
    arg [-L/usr/local/Cellar/gcc-arm-none-eabi/20160928/bin/../lib/gcc/arm-none-eabi/5.4.1/armv7e-m/fpu] ==> dir [/usr/local/Cellar/gcc-arm-none-eabi/20160928/bin/../lib/gcc/arm-none-eabi/5.4.1/armv7e-m/fpu]
    arg [-L/usr/local/Cellar/gcc-arm-none-eabi/20160928/bin/../lib/gcc/arm-none-eabi/5.4.1/../../../../arm-none-eabi/lib/armv7e-m/fpu] ==> dir [/usr/local/Cellar/gcc-arm-none-eabi/20160928/bin/../lib/gcc/arm-none-eabi/5.4.1/../../../../arm-none-eabi/lib/armv7e-m/fpu]
    arg [-L/usr/local/Cellar/gcc-arm-none-eabi/20160928/bin/../arm-none-eabi/lib/armv7e-m/fpu] ==> dir [/usr/local/Cellar/gcc-arm-none-eabi/20160928/bin/../arm-none-eabi/lib/armv7e-m/fpu]
    arg [-L/usr/local/Cellar/gcc-arm-none-eabi/20160928/bin/../lib/gcc/arm-none-eabi/5.4.1] ==> dir [/usr/local/Cellar/gcc-arm-none-eabi/20160928/bin/../lib/gcc/arm-none-eabi/5.4.1]
    arg [-L/usr/local/Cellar/gcc-arm-none-eabi/20160928/bin/../lib/gcc] ==> dir [/usr/local/Cellar/gcc-arm-none-eabi/20160928/bin/../lib/gcc]
    arg [-L/usr/local/Cellar/gcc-arm-none-eabi/20160928/bin/../lib/gcc/arm-none-eabi/5.4.1/../../../../arm-none-eabi/lib] ==> dir [/usr/local/Cellar/gcc-arm-none-eabi/20160928/bin/../lib/gcc/arm-none-eabi/5.4.1/../../../../arm-none-eabi/lib]
    arg [-L/usr/local/Cellar/gcc-arm-none-eabi/20160928/bin/../arm-none-eabi/lib] ==> dir [/usr/local/Cellar/gcc-arm-none-eabi/20160928/bin/../arm-none-eabi/lib]
    arg [-gc-sections] ==> ignore
    arg [-Map=binary.map] ==> ignore
    arg [CMakeFiles/cmTC_2aac9.dir/CMakeCCompilerABI.c.obj] ==> ignore
    arg [--start-group] ==> ignore
    arg [-lgcc] ==> lib [gcc]
    arg [-lg_nano] ==> lib [g_nano]
    arg [-lc_nano] ==> lib [c_nano]
    arg [--end-group] ==> ignore
    arg [--start-group] ==> ignore
    arg [-lgcc] ==> lib [gcc]
    arg [-lc_nano] ==> lib [c_nano]
    arg [--end-group] ==> ignore
    arg [/usr/local/Cellar/gcc-arm-none-eabi/20160928/bin/../lib/gcc/arm-none-eabi/5.4.1/armv7e-m/fpu/crtend.o] ==> ignore
    arg [/usr/local/Cellar/gcc-arm-none-eabi/20160928/bin/../lib/gcc/arm-none-eabi/5.4.1/armv7e-m/fpu/crtn.o] ==> ignore
    arg [-T] ==> ignore
    arg [/Users/xuyingzi/Developer/battlebots/Mac_toolchain/STM32F427IIHx_FLASH.ld] ==> ignore
  remove lib [gcc]
  remove lib [gcc]
  collapse library dir [/usr/local/Cellar/gcc-arm-none-eabi/20160928/bin/../lib/gcc/arm-none-eabi/5.4.1/armv7e-m/fpu] ==> [/usr/local/Cellar/gcc-arm-none-eabi/20160928/lib/gcc/arm-none-eabi/5.4.1/armv7e-m/fpu]
  collapse library dir [/usr/local/Cellar/gcc-arm-none-eabi/20160928/bin/../lib/gcc/arm-none-eabi/5.4.1/../../../../arm-none-eabi/lib/armv7e-m/fpu] ==> [/usr/local/Cellar/gcc-arm-none-eabi/20160928/arm-none-eabi/lib/armv7e-m/fpu]
  collapse library dir [/usr/local/Cellar/gcc-arm-none-eabi/20160928/bin/../arm-none-eabi/lib/armv7e-m/fpu] ==> [/usr/local/Cellar/gcc-arm-none-eabi/20160928/arm-none-eabi/lib/armv7e-m/fpu]
  collapse library dir [/usr/local/Cellar/gcc-arm-none-eabi/20160928/bin/../lib/gcc/arm-none-eabi/5.4.1] ==> [/usr/local/Cellar/gcc-arm-none-eabi/20160928/lib/gcc/arm-none-eabi/5.4.1]
  collapse library dir [/usr/local/Cellar/gcc-arm-none-eabi/20160928/bin/../lib/gcc] ==> [/usr/local/Cellar/gcc-arm-none-eabi/20160928/lib/gcc]
  collapse library dir [/usr/local/Cellar/gcc-arm-none-eabi/20160928/bin/../lib/gcc/arm-none-eabi/5.4.1/../../../../arm-none-eabi/lib] ==> [/usr/local/Cellar/gcc-arm-none-eabi/20160928/arm-none-eabi/lib]
  collapse library dir [/usr/local/Cellar/gcc-arm-none-eabi/20160928/bin/../arm-none-eabi/lib] ==> [/usr/local/Cellar/gcc-arm-none-eabi/20160928/arm-none-eabi/lib]
  implicit libs: [g_nano;c_nano;c_nano]
  implicit dirs: [/usr/local/Cellar/gcc-arm-none-eabi/20160928/lib/gcc/arm-none-eabi/5.4.1/armv7e-m/fpu;/usr/local/Cellar/gcc-arm-none-eabi/20160928/arm-none-eabi/lib/armv7e-m/fpu;/usr/local/Cellar/gcc-arm-none-eabi/20160928/lib/gcc/arm-none-eabi/5.4.1;/usr/local/Cellar/gcc-arm-none-eabi/20160928/lib/gcc;/usr/local/Cellar/gcc-arm-none-eabi/20160928/arm-none-eabi/lib]
  implicit fwks: []




Detecting C [-std=c11] compiler features compiled with the following output:
Change Dir: /Users/xuyingzi/Developer/battlebots/cmake-build-debug/CMakeFiles/CMakeTmp

Run Build Command:"/usr/bin/make" "cmTC_3c9b5/fast"
/Library/Developer/CommandLineTools/usr/bin/make -f CMakeFiles/cmTC_3c9b5.dir/build.make CMakeFiles/cmTC_3c9b5.dir/build
Building C object CMakeFiles/cmTC_3c9b5.dir/feature_tests.c.obj
/usr/local/bin/arm-none-eabi-gcc   -mcpu=cortex-m4                    -mthumb                    -mthumb-interwork                    -mfloat-abi=hard                    -mfpu=fpv4-sp-d16                    -ffunction-sections                    -g                    -fno-common                    -fmessage-length=0                    -specs=nano.specs                 -std=gnu99    -std=c11 -o CMakeFiles/cmTC_3c9b5.dir/feature_tests.c.obj   -c /Users/xuyingzi/Developer/battlebots/cmake-build-debug/CMakeFiles/feature_tests.c
Linking C executable cmTC_3c9b5
/Applications/CLion.app/Contents/bin/cmake/bin/cmake -E cmake_link_script CMakeFiles/cmTC_3c9b5.dir/link.txt --verbose=1
/usr/local/bin/arm-none-eabi-gcc -mcpu=cortex-m4                    -mthumb                    -mthumb-interwork                    -mfloat-abi=hard                    -mfpu=fpv4-sp-d16                    -ffunction-sections                    -g                    -fno-common                    -fmessage-length=0                    -specs=nano.specs                 -std=gnu99   -Wl,-gc-sections,-Map=binary.map -T /Users/xuyingzi/Developer/battlebots/Mac_toolchain/STM32F427IIHx_FLASH.ld  CMakeFiles/cmTC_3c9b5.dir/feature_tests.c.obj  -o cmTC_3c9b5 
/usr/local/Cellar/gcc-arm-none-eabi/20160928/bin/../lib/gcc/arm-none-eabi/5.4.1/../../../../arm-none-eabi/bin/ld: warning: cannot find entry symbol Reset_Handler; defaulting to 0000000008000000




Detecting C [-std=c99] compiler features compiled with the following output:
Change Dir: /Users/xuyingzi/Developer/battlebots/cmake-build-debug/CMakeFiles/CMakeTmp

Run Build Command:"/usr/bin/make" "cmTC_ca94b/fast"
/Library/Developer/CommandLineTools/usr/bin/make -f CMakeFiles/cmTC_ca94b.dir/build.make CMakeFiles/cmTC_ca94b.dir/build
Building C object CMakeFiles/cmTC_ca94b.dir/feature_tests.c.obj
/usr/local/bin/arm-none-eabi-gcc   -mcpu=cortex-m4                    -mthumb                    -mthumb-interwork                    -mfloat-abi=hard                    -mfpu=fpv4-sp-d16                    -ffunction-sections                    -g                    -fno-common                    -fmessage-length=0                    -specs=nano.specs                 -std=gnu99    -std=c99 -o CMakeFiles/cmTC_ca94b.dir/feature_tests.c.obj   -c /Users/xuyingzi/Developer/battlebots/cmake-build-debug/CMakeFiles/feature_tests.c
Linking C executable cmTC_ca94b
/Applications/CLion.app/Contents/bin/cmake/bin/cmake -E cmake_link_script CMakeFiles/cmTC_ca94b.dir/link.txt --verbose=1
/usr/local/bin/arm-none-eabi-gcc -mcpu=cortex-m4                    -mthumb                    -mthumb-interwork                    -mfloat-abi=hard                    -mfpu=fpv4-sp-d16                    -ffunction-sections                    -g                    -fno-common                    -fmessage-length=0                    -specs=nano.specs                 -std=gnu99   -Wl,-gc-sections,-Map=binary.map -T /Users/xuyingzi/Developer/battlebots/Mac_toolchain/STM32F427IIHx_FLASH.ld  CMakeFiles/cmTC_ca94b.dir/feature_tests.c.obj  -o cmTC_ca94b 
/usr/local/Cellar/gcc-arm-none-eabi/20160928/bin/../lib/gcc/arm-none-eabi/5.4.1/../../../../arm-none-eabi/bin/ld: warning: cannot find entry symbol Reset_Handler; defaulting to 0000000008000000




Detecting C [-std=c90] compiler features compiled with the following output:
Change Dir: /Users/xuyingzi/Developer/battlebots/cmake-build-debug/CMakeFiles/CMakeTmp

Run Build Command:"/usr/bin/make" "cmTC_acee6/fast"
/Library/Developer/CommandLineTools/usr/bin/make -f CMakeFiles/cmTC_acee6.dir/build.make CMakeFiles/cmTC_acee6.dir/build
Building C object CMakeFiles/cmTC_acee6.dir/feature_tests.c.obj
/usr/local/bin/arm-none-eabi-gcc   -mcpu=cortex-m4                    -mthumb                    -mthumb-interwork                    -mfloat-abi=hard                    -mfpu=fpv4-sp-d16                    -ffunction-sections                    -g                    -fno-common                    -fmessage-length=0                    -specs=nano.specs                 -std=gnu99    -std=c90 -o CMakeFiles/cmTC_acee6.dir/feature_tests.c.obj   -c /Users/xuyingzi/Developer/battlebots/cmake-build-debug/CMakeFiles/feature_tests.c
Linking C executable cmTC_acee6
/Applications/CLion.app/Contents/bin/cmake/bin/cmake -E cmake_link_script CMakeFiles/cmTC_acee6.dir/link.txt --verbose=1
/usr/local/bin/arm-none-eabi-gcc -mcpu=cortex-m4                    -mthumb                    -mthumb-interwork                    -mfloat-abi=hard                    -mfpu=fpv4-sp-d16                    -ffunction-sections                    -g                    -fno-common                    -fmessage-length=0                    -specs=nano.specs                 -std=gnu99   -Wl,-gc-sections,-Map=binary.map -T /Users/xuyingzi/Developer/battlebots/Mac_toolchain/STM32F427IIHx_FLASH.ld  CMakeFiles/cmTC_acee6.dir/feature_tests.c.obj  -o cmTC_acee6 
/usr/local/Cellar/gcc-arm-none-eabi/20160928/bin/../lib/gcc/arm-none-eabi/5.4.1/../../../../arm-none-eabi/bin/ld: warning: cannot find entry symbol Reset_Handler; defaulting to 0000000008000000


